+ source config.sh
++ SAMPLES=(6_4.rep1 Afu_BG234_predig CPD.rep1 UDG_predig ung1_predig 6_4.rep2 Afu_Y7092_predig CPD.rep2 UDG_postdig ung1_5fu_predig)
++ PROJECT=/vol3/home/jhessel/devel/lab-projects/excision-seq-ms
++ FASTQDIR=/vol3/home/jhessel/devel/lab-projects/excision-seq-ms/ncbi-geo/fastq
++ ASSEMBLY=sacCer1
++ BOWTIEINDEX=/vol3/home/jhessel/ref/genomes/sacCer1/sacCer1
++ CHROM_SIZES=/vol3/home/jhessel/ref/genomes/sacCer1/sacCer1.chrom.sizes
++ FASTA=/vol3/home/jhessel/ref/genomes/sacCer1/sacCer1.fa
++ RESULT=/vol3/home/jhessel/devel/lab-projects/excision-seq-ms/results/sacCer1
++ LOG=/vol3/home/jhessel/devel/lab-projects/excision-seq-ms/log
++ BIN=/vol3/home/jhessel/devel/modmap/modmap
++ RSCRIPTS=/vol3/home/jhessel/devel/modmap/R
+ sample=UDG_postdig
+ fastq=/vol3/home/jhessel/devel/lab-projects/excision-seq-ms/ncbi-geo/fastq/UDG_postdig.fastq.gz
+ alnresults=/vol3/home/jhessel/devel/lab-projects/excision-seq-ms/results/sacCer1/UDG_postdig/alignments
+ bgresults=/vol3/home/jhessel/devel/lab-projects/excision-seq-ms/results/sacCer1/UDG_postdig/bedgraphs
+ [[ ! -d /vol3/home/jhessel/devel/lab-projects/excision-seq-ms/results/sacCer1/UDG_postdig/alignments ]]
+ mkdir -p /vol3/home/jhessel/devel/lab-projects/excision-seq-ms/results/sacCer1/UDG_postdig/alignments
+ [[ ! -d /vol3/home/jhessel/devel/lab-projects/excision-seq-ms/results/sacCer1/UDG_postdig/bedgraphs ]]
+ mkdir -p /vol3/home/jhessel/devel/lab-projects/excision-seq-ms/results/sacCer1/UDG_postdig/bedgraphs
+ bam=/vol3/home/jhessel/devel/lab-projects/excision-seq-ms/results/sacCer1/UDG_postdig/alignments/UDG_postdig.bam
+ stats=/vol3/home/jhessel/devel/lab-projects/excision-seq-ms/results/sacCer1/UDG_postdig/alignments/UDG_postdig.stats.txt
+ [[ ! -f /vol3/home/jhessel/devel/lab-projects/excision-seq-ms/results/sacCer1/UDG_postdig/alignments/UDG_postdig.bam ]]
+ bowtie2 -U /vol3/home/jhessel/devel/lab-projects/excision-seq-ms/ncbi-geo/fastq/UDG_postdig.fastq.gz -x /vol3/home/jhessel/ref/genomes/sacCer1/sacCer1
+ samtools view -ShuF4 -
+ samtools sort -o - UDG_postdig.temp -m 8G
[bam_header_read] EOF marker is absent. The input is probably truncated.
[samopen] SAM header is present: 17 sequences.
+ samtools index /vol3/home/jhessel/devel/lab-projects/excision-seq-ms/results/sacCer1/UDG_postdig/alignments/UDG_postdig.bam
+ strands=("both" "pos" "neg")
+ strandargs=("" "-strand +" "-strand -")
+ for sidx in '${!strands[@]}'
+ strand=both
+ strandarg=
+ bedgraph=/vol3/home/jhessel/devel/lab-projects/excision-seq-ms/results/sacCer1/UDG_postdig/bedgraphs/UDG_postdig.strand.both.counts.bg
+ bedtools genomecov -5 -bg -g /vol3/home/jhessel/ref/genomes/sacCer1/sacCer1.chrom.sizes -ibam /vol3/home/jhessel/devel/lab-projects/excision-seq-ms/results/sacCer1/UDG_postdig/alignments/UDG_postdig.bam
+ for sidx in '${!strands[@]}'
+ strand=pos
+ strandarg='-strand +'
+ bedgraph=/vol3/home/jhessel/devel/lab-projects/excision-seq-ms/results/sacCer1/UDG_postdig/bedgraphs/UDG_postdig.strand.pos.counts.bg
+ bedtools genomecov -5 -bg -g /vol3/home/jhessel/ref/genomes/sacCer1/sacCer1.chrom.sizes -ibam /vol3/home/jhessel/devel/lab-projects/excision-seq-ms/results/sacCer1/UDG_postdig/alignments/UDG_postdig.bam -strand +
+ for sidx in '${!strands[@]}'
+ strand=neg
+ strandarg='-strand -'
+ bedgraph=/vol3/home/jhessel/devel/lab-projects/excision-seq-ms/results/sacCer1/UDG_postdig/bedgraphs/UDG_postdig.strand.neg.counts.bg
+ bedtools genomecov -5 -bg -g /vol3/home/jhessel/ref/genomes/sacCer1/sacCer1.chrom.sizes -ibam /vol3/home/jhessel/devel/lab-projects/excision-seq-ms/results/sacCer1/UDG_postdig/alignments/UDG_postdig.bam -strand -
+ source config.sh
++ SAMPLES=(6_4.rep1 Afu_BG234_predig CPD.rep1 UDG_predig ung1_predig 6_4.rep2 Afu_Y7092_predig CPD.rep2 UDG_postdig ung1_5fu_predig)
++ PROJECT=/vol3/home/jhessel/devel/lab-projects/excision-seq-ms
++ FASTQDIR=/vol3/home/jhessel/devel/lab-projects/excision-seq-ms/ncbi-geo/fastq
++ ASSEMBLY=sacCer1
++ BOWTIEINDEX=/vol3/home/jhessel/ref/genomes/sacCer1/sacCer1
++ CHROM_SIZES=/vol3/home/jhessel/ref/genomes/sacCer1/sacCer1.chrom.sizes
++ FASTA=/vol3/home/jhessel/ref/genomes/sacCer1/sacCer1.fa
++ RESULT=/vol3/home/jhessel/devel/lab-projects/excision-seq-ms/results/sacCer1
++ LOG=/vol3/home/jhessel/devel/lab-projects/excision-seq-ms/log
++ BIN=/vol3/home/jhessel/devel/modmap/modmap
++ RSCRIPTS=/vol3/home/jhessel/devel/modmap/R
+ sample=ung1_5fu_predig
+ fastq=/vol3/home/jhessel/devel/lab-projects/excision-seq-ms/ncbi-geo/fastq/ung1_5fu_predig.fastq.gz
+ alnresults=/vol3/home/jhessel/devel/lab-projects/excision-seq-ms/results/sacCer1/ung1_5fu_predig/alignments
+ bgresults=/vol3/home/jhessel/devel/lab-projects/excision-seq-ms/results/sacCer1/ung1_5fu_predig/bedgraphs
+ [[ ! -d /vol3/home/jhessel/devel/lab-projects/excision-seq-ms/results/sacCer1/ung1_5fu_predig/alignments ]]
+ mkdir -p /vol3/home/jhessel/devel/lab-projects/excision-seq-ms/results/sacCer1/ung1_5fu_predig/alignments
+ [[ ! -d /vol3/home/jhessel/devel/lab-projects/excision-seq-ms/results/sacCer1/ung1_5fu_predig/bedgraphs ]]
+ mkdir -p /vol3/home/jhessel/devel/lab-projects/excision-seq-ms/results/sacCer1/ung1_5fu_predig/bedgraphs
+ bam=/vol3/home/jhessel/devel/lab-projects/excision-seq-ms/results/sacCer1/ung1_5fu_predig/alignments/ung1_5fu_predig.bam
+ stats=/vol3/home/jhessel/devel/lab-projects/excision-seq-ms/results/sacCer1/ung1_5fu_predig/alignments/ung1_5fu_predig.stats.txt
+ [[ ! -f /vol3/home/jhessel/devel/lab-projects/excision-seq-ms/results/sacCer1/ung1_5fu_predig/alignments/ung1_5fu_predig.bam ]]
+ bowtie2 -U /vol3/home/jhessel/devel/lab-projects/excision-seq-ms/ncbi-geo/fastq/ung1_5fu_predig.fastq.gz -x /vol3/home/jhessel/ref/genomes/sacCer1/sacCer1
+ samtools view -ShuF4 -
+ samtools sort -o - ung1_5fu_predig.temp -m 8G
[bam_header_read] EOF marker is absent. The input is probably truncated.
[samopen] SAM header is present: 17 sequences.
+ samtools index /vol3/home/jhessel/devel/lab-projects/excision-seq-ms/results/sacCer1/ung1_5fu_predig/alignments/ung1_5fu_predig.bam
+ strands=("both" "pos" "neg")
+ strandargs=("" "-strand +" "-strand -")
+ for sidx in '${!strands[@]}'
+ strand=both
+ strandarg=
+ bedgraph=/vol3/home/jhessel/devel/lab-projects/excision-seq-ms/results/sacCer1/ung1_5fu_predig/bedgraphs/ung1_5fu_predig.strand.both.counts.bg
+ bedtools genomecov -5 -bg -g /vol3/home/jhessel/ref/genomes/sacCer1/sacCer1.chrom.sizes -ibam /vol3/home/jhessel/devel/lab-projects/excision-seq-ms/results/sacCer1/ung1_5fu_predig/alignments/ung1_5fu_predig.bam
+ for sidx in '${!strands[@]}'
+ strand=pos
+ strandarg='-strand +'
+ bedgraph=/vol3/home/jhessel/devel/lab-projects/excision-seq-ms/results/sacCer1/ung1_5fu_predig/bedgraphs/ung1_5fu_predig.strand.pos.counts.bg
+ bedtools genomecov -5 -bg -g /vol3/home/jhessel/ref/genomes/sacCer1/sacCer1.chrom.sizes -ibam /vol3/home/jhessel/devel/lab-projects/excision-seq-ms/results/sacCer1/ung1_5fu_predig/alignments/ung1_5fu_predig.bam -strand +
+ for sidx in '${!strands[@]}'
+ strand=neg
+ strandarg='-strand -'
+ bedgraph=/vol3/home/jhessel/devel/lab-projects/excision-seq-ms/results/sacCer1/ung1_5fu_predig/bedgraphs/ung1_5fu_predig.strand.neg.counts.bg
+ bedtools genomecov -5 -bg -g /vol3/home/jhessel/ref/genomes/sacCer1/sacCer1.chrom.sizes -ibam /vol3/home/jhessel/devel/lab-projects/excision-seq-ms/results/sacCer1/ung1_5fu_predig/alignments/ung1_5fu_predig.bam -strand -
+ source config.sh
++ SAMPLES=(6_4.rep1 Afu_BG234_predig CPD.rep1 UDG_predig ung1_predig 6_4.rep2 Afu_Y7092_predig CPD.rep2 UDG_postdig ung1_5fu_predig)
++ PROJECT=/vol3/home/jhessel/devel/lab-projects/excision-seq-ms
++ FASTQDIR=/vol3/home/jhessel/devel/lab-projects/excision-seq-ms/ncbi-geo/fastq
++ ASSEMBLY=sacCer1
++ BOWTIEINDEX=/vol3/home/jhessel/ref/genomes/sacCer1/sacCer1
++ CHROM_SIZES=/vol3/home/jhessel/ref/genomes/sacCer1/sacCer1.chrom.sizes
++ FASTA=/vol3/home/jhessel/ref/genomes/sacCer1/sacCer1.fa
++ RESULT=/vol3/home/jhessel/devel/lab-projects/excision-seq-ms/results/sacCer1
++ LOG=/vol3/home/jhessel/devel/lab-projects/excision-seq-ms/log
++ BIN=/vol3/home/jhessel/devel/modmap/modmap
++ RSCRIPTS=/vol3/home/jhessel/devel/modmap/R
+ sample=6_4.rep2
+ fastq=/vol3/home/jhessel/devel/lab-projects/excision-seq-ms/ncbi-geo/fastq/6_4.rep2.fastq.gz
+ alnresults=/vol3/home/jhessel/devel/lab-projects/excision-seq-ms/results/sacCer1/6_4.rep2/alignments
+ bgresults=/vol3/home/jhessel/devel/lab-projects/excision-seq-ms/results/sacCer1/6_4.rep2/bedgraphs
+ [[ ! -d /vol3/home/jhessel/devel/lab-projects/excision-seq-ms/results/sacCer1/6_4.rep2/alignments ]]
+ mkdir -p /vol3/home/jhessel/devel/lab-projects/excision-seq-ms/results/sacCer1/6_4.rep2/alignments
+ [[ ! -d /vol3/home/jhessel/devel/lab-projects/excision-seq-ms/results/sacCer1/6_4.rep2/bedgraphs ]]
+ mkdir -p /vol3/home/jhessel/devel/lab-projects/excision-seq-ms/results/sacCer1/6_4.rep2/bedgraphs
+ bam=/vol3/home/jhessel/devel/lab-projects/excision-seq-ms/results/sacCer1/6_4.rep2/alignments/6_4.rep2.bam
+ stats=/vol3/home/jhessel/devel/lab-projects/excision-seq-ms/results/sacCer1/6_4.rep2/alignments/6_4.rep2.stats.txt
+ [[ ! -f /vol3/home/jhessel/devel/lab-projects/excision-seq-ms/results/sacCer1/6_4.rep2/alignments/6_4.rep2.bam ]]
+ bowtie2 -U /vol3/home/jhessel/devel/lab-projects/excision-seq-ms/ncbi-geo/fastq/6_4.rep2.fastq.gz -x /vol3/home/jhessel/ref/genomes/sacCer1/sacCer1
+ samtools view -ShuF4 -
+ samtools sort -o - 6_4.rep2.temp -m 8G
[bam_header_read] EOF marker is absent. The input is probably truncated.
[samopen] SAM header is present: 17 sequences.
+ samtools index /vol3/home/jhessel/devel/lab-projects/excision-seq-ms/results/sacCer1/6_4.rep2/alignments/6_4.rep2.bam
+ strands=("both" "pos" "neg")
+ strandargs=("" "-strand +" "-strand -")
+ for sidx in '${!strands[@]}'
+ strand=both
+ strandarg=
+ bedgraph=/vol3/home/jhessel/devel/lab-projects/excision-seq-ms/results/sacCer1/6_4.rep2/bedgraphs/6_4.rep2.strand.both.counts.bg
+ bedtools genomecov -5 -bg -g /vol3/home/jhessel/ref/genomes/sacCer1/sacCer1.chrom.sizes -ibam /vol3/home/jhessel/devel/lab-projects/excision-seq-ms/results/sacCer1/6_4.rep2/alignments/6_4.rep2.bam
+ for sidx in '${!strands[@]}'
+ strand=pos
+ strandarg='-strand +'
+ bedgraph=/vol3/home/jhessel/devel/lab-projects/excision-seq-ms/results/sacCer1/6_4.rep2/bedgraphs/6_4.rep2.strand.pos.counts.bg
+ bedtools genomecov -5 -bg -g /vol3/home/jhessel/ref/genomes/sacCer1/sacCer1.chrom.sizes -ibam /vol3/home/jhessel/devel/lab-projects/excision-seq-ms/results/sacCer1/6_4.rep2/alignments/6_4.rep2.bam -strand +
+ for sidx in '${!strands[@]}'
+ strand=neg
+ strandarg='-strand -'
+ bedgraph=/vol3/home/jhessel/devel/lab-projects/excision-seq-ms/results/sacCer1/6_4.rep2/bedgraphs/6_4.rep2.strand.neg.counts.bg
+ bedtools genomecov -5 -bg -g /vol3/home/jhessel/ref/genomes/sacCer1/sacCer1.chrom.sizes -ibam /vol3/home/jhessel/devel/lab-projects/excision-seq-ms/results/sacCer1/6_4.rep2/alignments/6_4.rep2.bam -strand -
+ source config.sh
++ SAMPLES=(6_4.rep1 Afu_BG234_predig CPD.rep1 UDG_predig ung1_predig 6_4.rep2 Afu_Y7092_predig CPD.rep2 UDG_postdig ung1_5fu_predig)
++ PROJECT=/vol3/home/jhessel/devel/lab-projects/excision-seq-ms
++ FASTQDIR=/vol3/home/jhessel/devel/lab-projects/excision-seq-ms/ncbi-geo/fastq
++ ASSEMBLY=sacCer1
++ BOWTIEINDEX=/vol3/home/jhessel/ref/genomes/sacCer1/sacCer1
++ CHROM_SIZES=/vol3/home/jhessel/ref/genomes/sacCer1/sacCer1.chrom.sizes
++ FASTA=/vol3/home/jhessel/ref/genomes/sacCer1/sacCer1.fa
++ RESULT=/vol3/home/jhessel/devel/lab-projects/excision-seq-ms/results/sacCer1
++ LOG=/vol3/home/jhessel/devel/lab-projects/excision-seq-ms/log
++ BIN=/vol3/home/jhessel/devel/modmap/modmap
++ RSCRIPTS=/vol3/home/jhessel/devel/modmap/R
+ sample=6_4.rep1
+ fastq=/vol3/home/jhessel/devel/lab-projects/excision-seq-ms/ncbi-geo/fastq/6_4.rep1.fastq.gz
+ alnresults=/vol3/home/jhessel/devel/lab-projects/excision-seq-ms/results/sacCer1/6_4.rep1/alignments
+ bgresults=/vol3/home/jhessel/devel/lab-projects/excision-seq-ms/results/sacCer1/6_4.rep1/bedgraphs
+ [[ ! -d /vol3/home/jhessel/devel/lab-projects/excision-seq-ms/results/sacCer1/6_4.rep1/alignments ]]
+ mkdir -p /vol3/home/jhessel/devel/lab-projects/excision-seq-ms/results/sacCer1/6_4.rep1/alignments
+ [[ ! -d /vol3/home/jhessel/devel/lab-projects/excision-seq-ms/results/sacCer1/6_4.rep1/bedgraphs ]]
+ mkdir -p /vol3/home/jhessel/devel/lab-projects/excision-seq-ms/results/sacCer1/6_4.rep1/bedgraphs
+ bam=/vol3/home/jhessel/devel/lab-projects/excision-seq-ms/results/sacCer1/6_4.rep1/alignments/6_4.rep1.bam
+ stats=/vol3/home/jhessel/devel/lab-projects/excision-seq-ms/results/sacCer1/6_4.rep1/alignments/6_4.rep1.stats.txt
+ [[ ! -f /vol3/home/jhessel/devel/lab-projects/excision-seq-ms/results/sacCer1/6_4.rep1/alignments/6_4.rep1.bam ]]
+ bowtie2 -U /vol3/home/jhessel/devel/lab-projects/excision-seq-ms/ncbi-geo/fastq/6_4.rep1.fastq.gz -x /vol3/home/jhessel/ref/genomes/sacCer1/sacCer1
+ samtools view -ShuF4 -
+ samtools sort -o - 6_4.rep1.temp -m 8G
[bam_header_read] EOF marker is absent. The input is probably truncated.
[samopen] SAM header is present: 17 sequences.
+ samtools index /vol3/home/jhessel/devel/lab-projects/excision-seq-ms/results/sacCer1/6_4.rep1/alignments/6_4.rep1.bam
+ strands=("both" "pos" "neg")
+ strandargs=("" "-strand +" "-strand -")
+ for sidx in '${!strands[@]}'
+ strand=both
+ strandarg=
+ bedgraph=/vol3/home/jhessel/devel/lab-projects/excision-seq-ms/results/sacCer1/6_4.rep1/bedgraphs/6_4.rep1.strand.both.counts.bg
+ bedtools genomecov -5 -bg -g /vol3/home/jhessel/ref/genomes/sacCer1/sacCer1.chrom.sizes -ibam /vol3/home/jhessel/devel/lab-projects/excision-seq-ms/results/sacCer1/6_4.rep1/alignments/6_4.rep1.bam
+ for sidx in '${!strands[@]}'
+ strand=pos
+ strandarg='-strand +'
+ bedgraph=/vol3/home/jhessel/devel/lab-projects/excision-seq-ms/results/sacCer1/6_4.rep1/bedgraphs/6_4.rep1.strand.pos.counts.bg
+ bedtools genomecov -5 -bg -g /vol3/home/jhessel/ref/genomes/sacCer1/sacCer1.chrom.sizes -ibam /vol3/home/jhessel/devel/lab-projects/excision-seq-ms/results/sacCer1/6_4.rep1/alignments/6_4.rep1.bam -strand +
+ for sidx in '${!strands[@]}'
+ strand=neg
+ strandarg='-strand -'
+ bedgraph=/vol3/home/jhessel/devel/lab-projects/excision-seq-ms/results/sacCer1/6_4.rep1/bedgraphs/6_4.rep1.strand.neg.counts.bg
+ bedtools genomecov -5 -bg -g /vol3/home/jhessel/ref/genomes/sacCer1/sacCer1.chrom.sizes -ibam /vol3/home/jhessel/devel/lab-projects/excision-seq-ms/results/sacCer1/6_4.rep1/alignments/6_4.rep1.bam -strand -
+ source config.sh
++ SAMPLES=(6_4.rep1 Afu_BG234_predig CPD.rep1 UDG_predig ung1_predig 6_4.rep2 Afu_Y7092_predig CPD.rep2 UDG_postdig ung1_5fu_predig)
++ PROJECT=/vol3/home/jhessel/devel/lab-projects/excision-seq-ms
++ FASTQDIR=/vol3/home/jhessel/devel/lab-projects/excision-seq-ms/ncbi-geo/fastq
++ ASSEMBLY=sacCer1
++ BOWTIEINDEX=/vol3/home/jhessel/ref/genomes/sacCer1/sacCer1
++ CHROM_SIZES=/vol3/home/jhessel/ref/genomes/sacCer1/sacCer1.chrom.sizes
++ FASTA=/vol3/home/jhessel/ref/genomes/sacCer1/sacCer1.fa
++ RESULT=/vol3/home/jhessel/devel/lab-projects/excision-seq-ms/results/sacCer1
++ LOG=/vol3/home/jhessel/devel/lab-projects/excision-seq-ms/log
++ BIN=/vol3/home/jhessel/devel/modmap/modmap
++ RSCRIPTS=/vol3/home/jhessel/devel/modmap/R
+ sample=UDG_predig
+ fastq=/vol3/home/jhessel/devel/lab-projects/excision-seq-ms/ncbi-geo/fastq/UDG_predig.fastq.gz
+ alnresults=/vol3/home/jhessel/devel/lab-projects/excision-seq-ms/results/sacCer1/UDG_predig/alignments
+ bgresults=/vol3/home/jhessel/devel/lab-projects/excision-seq-ms/results/sacCer1/UDG_predig/bedgraphs
+ [[ ! -d /vol3/home/jhessel/devel/lab-projects/excision-seq-ms/results/sacCer1/UDG_predig/alignments ]]
+ mkdir -p /vol3/home/jhessel/devel/lab-projects/excision-seq-ms/results/sacCer1/UDG_predig/alignments
+ [[ ! -d /vol3/home/jhessel/devel/lab-projects/excision-seq-ms/results/sacCer1/UDG_predig/bedgraphs ]]
+ mkdir -p /vol3/home/jhessel/devel/lab-projects/excision-seq-ms/results/sacCer1/UDG_predig/bedgraphs
+ bam=/vol3/home/jhessel/devel/lab-projects/excision-seq-ms/results/sacCer1/UDG_predig/alignments/UDG_predig.bam
+ stats=/vol3/home/jhessel/devel/lab-projects/excision-seq-ms/results/sacCer1/UDG_predig/alignments/UDG_predig.stats.txt
+ [[ ! -f /vol3/home/jhessel/devel/lab-projects/excision-seq-ms/results/sacCer1/UDG_predig/alignments/UDG_predig.bam ]]
+ bowtie2 -U /vol3/home/jhessel/devel/lab-projects/excision-seq-ms/ncbi-geo/fastq/UDG_predig.fastq.gz -x /vol3/home/jhessel/ref/genomes/sacCer1/sacCer1
+ samtools view -ShuF4 -
+ samtools sort -o - UDG_predig.temp -m 8G
[bam_header_read] EOF marker is absent. The input is probably truncated.
[samopen] SAM header is present: 17 sequences.
+ samtools index /vol3/home/jhessel/devel/lab-projects/excision-seq-ms/results/sacCer1/UDG_predig/alignments/UDG_predig.bam
+ strands=("both" "pos" "neg")
+ strandargs=("" "-strand +" "-strand -")
+ for sidx in '${!strands[@]}'
+ strand=both
+ strandarg=
+ bedgraph=/vol3/home/jhessel/devel/lab-projects/excision-seq-ms/results/sacCer1/UDG_predig/bedgraphs/UDG_predig.strand.both.counts.bg
+ bedtools genomecov -5 -bg -g /vol3/home/jhessel/ref/genomes/sacCer1/sacCer1.chrom.sizes -ibam /vol3/home/jhessel/devel/lab-projects/excision-seq-ms/results/sacCer1/UDG_predig/alignments/UDG_predig.bam
+ for sidx in '${!strands[@]}'
+ strand=pos
+ strandarg='-strand +'
+ bedgraph=/vol3/home/jhessel/devel/lab-projects/excision-seq-ms/results/sacCer1/UDG_predig/bedgraphs/UDG_predig.strand.pos.counts.bg
+ bedtools genomecov -5 -bg -g /vol3/home/jhessel/ref/genomes/sacCer1/sacCer1.chrom.sizes -ibam /vol3/home/jhessel/devel/lab-projects/excision-seq-ms/results/sacCer1/UDG_predig/alignments/UDG_predig.bam -strand +
+ for sidx in '${!strands[@]}'
+ strand=neg
+ strandarg='-strand -'
+ bedgraph=/vol3/home/jhessel/devel/lab-projects/excision-seq-ms/results/sacCer1/UDG_predig/bedgraphs/UDG_predig.strand.neg.counts.bg
+ bedtools genomecov -5 -bg -g /vol3/home/jhessel/ref/genomes/sacCer1/sacCer1.chrom.sizes -ibam /vol3/home/jhessel/devel/lab-projects/excision-seq-ms/results/sacCer1/UDG_predig/alignments/UDG_predig.bam -strand -
+ source config.sh
++ SAMPLES=(6_4.rep1 Afu_BG234_predig CPD.rep1 UDG_predig ung1_predig 6_4.rep2 Afu_Y7092_predig CPD.rep2 UDG_postdig ung1_5fu_predig)
++ PROJECT=/vol3/home/jhessel/devel/lab-projects/excision-seq-ms
++ FASTQDIR=/vol3/home/jhessel/devel/lab-projects/excision-seq-ms/ncbi-geo/fastq
++ ASSEMBLY=sacCer1
++ BOWTIEINDEX=/vol3/home/jhessel/ref/genomes/sacCer1/sacCer1
++ CHROM_SIZES=/vol3/home/jhessel/ref/genomes/sacCer1/sacCer1.chrom.sizes
++ FASTA=/vol3/home/jhessel/ref/genomes/sacCer1/sacCer1.fa
++ RESULT=/vol3/home/jhessel/devel/lab-projects/excision-seq-ms/results/sacCer1
++ LOG=/vol3/home/jhessel/devel/lab-projects/excision-seq-ms/log
++ BIN=/vol3/home/jhessel/devel/modmap/modmap
++ RSCRIPTS=/vol3/home/jhessel/devel/modmap/R
+ sample=ung1_predig
+ fastq=/vol3/home/jhessel/devel/lab-projects/excision-seq-ms/ncbi-geo/fastq/ung1_predig.fastq.gz
+ alnresults=/vol3/home/jhessel/devel/lab-projects/excision-seq-ms/results/sacCer1/ung1_predig/alignments
+ bgresults=/vol3/home/jhessel/devel/lab-projects/excision-seq-ms/results/sacCer1/ung1_predig/bedgraphs
+ [[ ! -d /vol3/home/jhessel/devel/lab-projects/excision-seq-ms/results/sacCer1/ung1_predig/alignments ]]
+ mkdir -p /vol3/home/jhessel/devel/lab-projects/excision-seq-ms/results/sacCer1/ung1_predig/alignments
+ [[ ! -d /vol3/home/jhessel/devel/lab-projects/excision-seq-ms/results/sacCer1/ung1_predig/bedgraphs ]]
+ mkdir -p /vol3/home/jhessel/devel/lab-projects/excision-seq-ms/results/sacCer1/ung1_predig/bedgraphs
+ bam=/vol3/home/jhessel/devel/lab-projects/excision-seq-ms/results/sacCer1/ung1_predig/alignments/ung1_predig.bam
+ stats=/vol3/home/jhessel/devel/lab-projects/excision-seq-ms/results/sacCer1/ung1_predig/alignments/ung1_predig.stats.txt
+ [[ ! -f /vol3/home/jhessel/devel/lab-projects/excision-seq-ms/results/sacCer1/ung1_predig/alignments/ung1_predig.bam ]]
+ bowtie2 -U /vol3/home/jhessel/devel/lab-projects/excision-seq-ms/ncbi-geo/fastq/ung1_predig.fastq.gz -x /vol3/home/jhessel/ref/genomes/sacCer1/sacCer1
+ samtools view -ShuF4 -
+ samtools sort -o - ung1_predig.temp -m 8G
[bam_header_read] EOF marker is absent. The input is probably truncated.
[samopen] SAM header is present: 17 sequences.
+ samtools index /vol3/home/jhessel/devel/lab-projects/excision-seq-ms/results/sacCer1/ung1_predig/alignments/ung1_predig.bam
+ strands=("both" "pos" "neg")
+ strandargs=("" "-strand +" "-strand -")
+ for sidx in '${!strands[@]}'
+ strand=both
+ strandarg=
+ bedgraph=/vol3/home/jhessel/devel/lab-projects/excision-seq-ms/results/sacCer1/ung1_predig/bedgraphs/ung1_predig.strand.both.counts.bg
+ bedtools genomecov -5 -bg -g /vol3/home/jhessel/ref/genomes/sacCer1/sacCer1.chrom.sizes -ibam /vol3/home/jhessel/devel/lab-projects/excision-seq-ms/results/sacCer1/ung1_predig/alignments/ung1_predig.bam
+ for sidx in '${!strands[@]}'
+ strand=pos
+ strandarg='-strand +'
+ bedgraph=/vol3/home/jhessel/devel/lab-projects/excision-seq-ms/results/sacCer1/ung1_predig/bedgraphs/ung1_predig.strand.pos.counts.bg
+ bedtools genomecov -5 -bg -g /vol3/home/jhessel/ref/genomes/sacCer1/sacCer1.chrom.sizes -ibam /vol3/home/jhessel/devel/lab-projects/excision-seq-ms/results/sacCer1/ung1_predig/alignments/ung1_predig.bam -strand +
+ for sidx in '${!strands[@]}'
+ strand=neg
+ strandarg='-strand -'
+ bedgraph=/vol3/home/jhessel/devel/lab-projects/excision-seq-ms/results/sacCer1/ung1_predig/bedgraphs/ung1_predig.strand.neg.counts.bg
+ bedtools genomecov -5 -bg -g /vol3/home/jhessel/ref/genomes/sacCer1/sacCer1.chrom.sizes -ibam /vol3/home/jhessel/devel/lab-projects/excision-seq-ms/results/sacCer1/ung1_predig/alignments/ung1_predig.bam -strand -
+ source config.sh
++ SAMPLES=(6_4.rep1 Afu_BG234_predig CPD.rep1 UDG_predig ung1_predig 6_4.rep2 Afu_Y7092_predig CPD.rep2 UDG_postdig ung1_5fu_predig)
++ PROJECT=/vol3/home/jhessel/devel/lab-projects/excision-seq-ms
++ FASTQDIR=/vol3/home/jhessel/devel/lab-projects/excision-seq-ms/ncbi-geo/fastq
++ ASSEMBLY=sacCer1
++ BOWTIEINDEX=/vol3/home/jhessel/ref/genomes/sacCer1/sacCer1
++ CHROM_SIZES=/vol3/home/jhessel/ref/genomes/sacCer1/sacCer1.chrom.sizes
++ FASTA=/vol3/home/jhessel/ref/genomes/sacCer1/sacCer1.fa
++ RESULT=/vol3/home/jhessel/devel/lab-projects/excision-seq-ms/results/sacCer1
++ LOG=/vol3/home/jhessel/devel/lab-projects/excision-seq-ms/log
++ BIN=/vol3/home/jhessel/devel/modmap/modmap
++ RSCRIPTS=/vol3/home/jhessel/devel/modmap/R
+ sample=CPD.rep2
+ fastq=/vol3/home/jhessel/devel/lab-projects/excision-seq-ms/ncbi-geo/fastq/CPD.rep2.fastq.gz
+ alnresults=/vol3/home/jhessel/devel/lab-projects/excision-seq-ms/results/sacCer1/CPD.rep2/alignments
+ bgresults=/vol3/home/jhessel/devel/lab-projects/excision-seq-ms/results/sacCer1/CPD.rep2/bedgraphs
+ [[ ! -d /vol3/home/jhessel/devel/lab-projects/excision-seq-ms/results/sacCer1/CPD.rep2/alignments ]]
+ mkdir -p /vol3/home/jhessel/devel/lab-projects/excision-seq-ms/results/sacCer1/CPD.rep2/alignments
+ [[ ! -d /vol3/home/jhessel/devel/lab-projects/excision-seq-ms/results/sacCer1/CPD.rep2/bedgraphs ]]
+ mkdir -p /vol3/home/jhessel/devel/lab-projects/excision-seq-ms/results/sacCer1/CPD.rep2/bedgraphs
+ bam=/vol3/home/jhessel/devel/lab-projects/excision-seq-ms/results/sacCer1/CPD.rep2/alignments/CPD.rep2.bam
+ stats=/vol3/home/jhessel/devel/lab-projects/excision-seq-ms/results/sacCer1/CPD.rep2/alignments/CPD.rep2.stats.txt
+ [[ ! -f /vol3/home/jhessel/devel/lab-projects/excision-seq-ms/results/sacCer1/CPD.rep2/alignments/CPD.rep2.bam ]]
+ bowtie2 -U /vol3/home/jhessel/devel/lab-projects/excision-seq-ms/ncbi-geo/fastq/CPD.rep2.fastq.gz -x /vol3/home/jhessel/ref/genomes/sacCer1/sacCer1
+ samtools view -ShuF4 -
+ samtools sort -o - CPD.rep2.temp -m 8G
[bam_header_read] EOF marker is absent. The input is probably truncated.
[samopen] SAM header is present: 17 sequences.
+ samtools index /vol3/home/jhessel/devel/lab-projects/excision-seq-ms/results/sacCer1/CPD.rep2/alignments/CPD.rep2.bam
+ strands=("both" "pos" "neg")
+ strandargs=("" "-strand +" "-strand -")
+ for sidx in '${!strands[@]}'
+ strand=both
+ strandarg=
+ bedgraph=/vol3/home/jhessel/devel/lab-projects/excision-seq-ms/results/sacCer1/CPD.rep2/bedgraphs/CPD.rep2.strand.both.counts.bg
+ bedtools genomecov -5 -bg -g /vol3/home/jhessel/ref/genomes/sacCer1/sacCer1.chrom.sizes -ibam /vol3/home/jhessel/devel/lab-projects/excision-seq-ms/results/sacCer1/CPD.rep2/alignments/CPD.rep2.bam
+ for sidx in '${!strands[@]}'
+ strand=pos
+ strandarg='-strand +'
+ bedgraph=/vol3/home/jhessel/devel/lab-projects/excision-seq-ms/results/sacCer1/CPD.rep2/bedgraphs/CPD.rep2.strand.pos.counts.bg
+ bedtools genomecov -5 -bg -g /vol3/home/jhessel/ref/genomes/sacCer1/sacCer1.chrom.sizes -ibam /vol3/home/jhessel/devel/lab-projects/excision-seq-ms/results/sacCer1/CPD.rep2/alignments/CPD.rep2.bam -strand +
+ for sidx in '${!strands[@]}'
+ strand=neg
+ strandarg='-strand -'
+ bedgraph=/vol3/home/jhessel/devel/lab-projects/excision-seq-ms/results/sacCer1/CPD.rep2/bedgraphs/CPD.rep2.strand.neg.counts.bg
+ bedtools genomecov -5 -bg -g /vol3/home/jhessel/ref/genomes/sacCer1/sacCer1.chrom.sizes -ibam /vol3/home/jhessel/devel/lab-projects/excision-seq-ms/results/sacCer1/CPD.rep2/alignments/CPD.rep2.bam -strand -
+ source config.sh
++ SAMPLES=(6_4.rep1 Afu_BG234_predig CPD.rep1 UDG_predig ung1_predig 6_4.rep2 Afu_Y7092_predig CPD.rep2 UDG_postdig ung1_5fu_predig)
++ PROJECT=/vol3/home/jhessel/devel/lab-projects/excision-seq-ms
++ FASTQDIR=/vol3/home/jhessel/devel/lab-projects/excision-seq-ms/ncbi-geo/fastq
++ ASSEMBLY=sacCer1
++ BOWTIEINDEX=/vol3/home/jhessel/ref/genomes/sacCer1/sacCer1
++ CHROM_SIZES=/vol3/home/jhessel/ref/genomes/sacCer1/sacCer1.chrom.sizes
++ FASTA=/vol3/home/jhessel/ref/genomes/sacCer1/sacCer1.fa
++ RESULT=/vol3/home/jhessel/devel/lab-projects/excision-seq-ms/results/sacCer1
++ LOG=/vol3/home/jhessel/devel/lab-projects/excision-seq-ms/log
++ BIN=/vol3/home/jhessel/devel/modmap/modmap
++ RSCRIPTS=/vol3/home/jhessel/devel/modmap/R
+ sample=CPD.rep1
+ fastq=/vol3/home/jhessel/devel/lab-projects/excision-seq-ms/ncbi-geo/fastq/CPD.rep1.fastq.gz
+ alnresults=/vol3/home/jhessel/devel/lab-projects/excision-seq-ms/results/sacCer1/CPD.rep1/alignments
+ bgresults=/vol3/home/jhessel/devel/lab-projects/excision-seq-ms/results/sacCer1/CPD.rep1/bedgraphs
+ [[ ! -d /vol3/home/jhessel/devel/lab-projects/excision-seq-ms/results/sacCer1/CPD.rep1/alignments ]]
+ mkdir -p /vol3/home/jhessel/devel/lab-projects/excision-seq-ms/results/sacCer1/CPD.rep1/alignments
+ [[ ! -d /vol3/home/jhessel/devel/lab-projects/excision-seq-ms/results/sacCer1/CPD.rep1/bedgraphs ]]
+ mkdir -p /vol3/home/jhessel/devel/lab-projects/excision-seq-ms/results/sacCer1/CPD.rep1/bedgraphs
+ bam=/vol3/home/jhessel/devel/lab-projects/excision-seq-ms/results/sacCer1/CPD.rep1/alignments/CPD.rep1.bam
+ stats=/vol3/home/jhessel/devel/lab-projects/excision-seq-ms/results/sacCer1/CPD.rep1/alignments/CPD.rep1.stats.txt
+ [[ ! -f /vol3/home/jhessel/devel/lab-projects/excision-seq-ms/results/sacCer1/CPD.rep1/alignments/CPD.rep1.bam ]]
+ bowtie2 -U /vol3/home/jhessel/devel/lab-projects/excision-seq-ms/ncbi-geo/fastq/CPD.rep1.fastq.gz -x /vol3/home/jhessel/ref/genomes/sacCer1/sacCer1
+ samtools view -ShuF4 -
+ samtools sort -o - CPD.rep1.temp -m 8G
[bam_header_read] EOF marker is absent. The input is probably truncated.
[samopen] SAM header is present: 17 sequences.
+ samtools index /vol3/home/jhessel/devel/lab-projects/excision-seq-ms/results/sacCer1/CPD.rep1/alignments/CPD.rep1.bam
+ strands=("both" "pos" "neg")
+ strandargs=("" "-strand +" "-strand -")
+ for sidx in '${!strands[@]}'
+ strand=both
+ strandarg=
+ bedgraph=/vol3/home/jhessel/devel/lab-projects/excision-seq-ms/results/sacCer1/CPD.rep1/bedgraphs/CPD.rep1.strand.both.counts.bg
+ bedtools genomecov -5 -bg -g /vol3/home/jhessel/ref/genomes/sacCer1/sacCer1.chrom.sizes -ibam /vol3/home/jhessel/devel/lab-projects/excision-seq-ms/results/sacCer1/CPD.rep1/alignments/CPD.rep1.bam
+ for sidx in '${!strands[@]}'
+ strand=pos
+ strandarg='-strand +'
+ bedgraph=/vol3/home/jhessel/devel/lab-projects/excision-seq-ms/results/sacCer1/CPD.rep1/bedgraphs/CPD.rep1.strand.pos.counts.bg
+ bedtools genomecov -5 -bg -g /vol3/home/jhessel/ref/genomes/sacCer1/sacCer1.chrom.sizes -ibam /vol3/home/jhessel/devel/lab-projects/excision-seq-ms/results/sacCer1/CPD.rep1/alignments/CPD.rep1.bam -strand +
+ for sidx in '${!strands[@]}'
+ strand=neg
+ strandarg='-strand -'
+ bedgraph=/vol3/home/jhessel/devel/lab-projects/excision-seq-ms/results/sacCer1/CPD.rep1/bedgraphs/CPD.rep1.strand.neg.counts.bg
+ bedtools genomecov -5 -bg -g /vol3/home/jhessel/ref/genomes/sacCer1/sacCer1.chrom.sizes -ibam /vol3/home/jhessel/devel/lab-projects/excision-seq-ms/results/sacCer1/CPD.rep1/alignments/CPD.rep1.bam -strand -
+ source config.sh
++ SAMPLES=(6_4.rep1 Afu_BG234_predig CPD.rep1 UDG_predig ung1_predig 6_4.rep2 Afu_Y7092_predig CPD.rep2 UDG_postdig ung1_5fu_predig)
++ PROJECT=/vol3/home/jhessel/devel/lab-projects/excision-seq-ms
++ FASTQDIR=/vol3/home/jhessel/devel/lab-projects/excision-seq-ms/ncbi-geo/fastq
++ ASSEMBLY=sacCer1
++ BOWTIEINDEX=/vol3/home/jhessel/ref/genomes/sacCer1/sacCer1
++ CHROM_SIZES=/vol3/home/jhessel/ref/genomes/sacCer1/sacCer1.chrom.sizes
++ FASTA=/vol3/home/jhessel/ref/genomes/sacCer1/sacCer1.fa
++ RESULT=/vol3/home/jhessel/devel/lab-projects/excision-seq-ms/results/sacCer1
++ LOG=/vol3/home/jhessel/devel/lab-projects/excision-seq-ms/log
++ BIN=/vol3/home/jhessel/devel/modmap/modmap
++ RSCRIPTS=/vol3/home/jhessel/devel/modmap/R
+ sample=Afu_BG234_predig
+ fastq=/vol3/home/jhessel/devel/lab-projects/excision-seq-ms/ncbi-geo/fastq/Afu_BG234_predig.fastq.gz
+ alnresults=/vol3/home/jhessel/devel/lab-projects/excision-seq-ms/results/sacCer1/Afu_BG234_predig/alignments
+ bgresults=/vol3/home/jhessel/devel/lab-projects/excision-seq-ms/results/sacCer1/Afu_BG234_predig/bedgraphs
+ [[ ! -d /vol3/home/jhessel/devel/lab-projects/excision-seq-ms/results/sacCer1/Afu_BG234_predig/alignments ]]
+ mkdir -p /vol3/home/jhessel/devel/lab-projects/excision-seq-ms/results/sacCer1/Afu_BG234_predig/alignments
+ [[ ! -d /vol3/home/jhessel/devel/lab-projects/excision-seq-ms/results/sacCer1/Afu_BG234_predig/bedgraphs ]]
+ mkdir -p /vol3/home/jhessel/devel/lab-projects/excision-seq-ms/results/sacCer1/Afu_BG234_predig/bedgraphs
+ bam=/vol3/home/jhessel/devel/lab-projects/excision-seq-ms/results/sacCer1/Afu_BG234_predig/alignments/Afu_BG234_predig.bam
+ stats=/vol3/home/jhessel/devel/lab-projects/excision-seq-ms/results/sacCer1/Afu_BG234_predig/alignments/Afu_BG234_predig.stats.txt
+ [[ ! -f /vol3/home/jhessel/devel/lab-projects/excision-seq-ms/results/sacCer1/Afu_BG234_predig/alignments/Afu_BG234_predig.bam ]]
+ bowtie2 -U /vol3/home/jhessel/devel/lab-projects/excision-seq-ms/ncbi-geo/fastq/Afu_BG234_predig.fastq.gz -x /vol3/home/jhessel/ref/genomes/sacCer1/sacCer1
+ samtools view -ShuF4 -
+ samtools sort -o - Afu_BG234_predig.temp -m 8G
[bam_header_read] EOF marker is absent. The input is probably truncated.
[samopen] SAM header is present: 17 sequences.
+ samtools index /vol3/home/jhessel/devel/lab-projects/excision-seq-ms/results/sacCer1/Afu_BG234_predig/alignments/Afu_BG234_predig.bam
+ strands=("both" "pos" "neg")
+ strandargs=("" "-strand +" "-strand -")
+ for sidx in '${!strands[@]}'
+ strand=both
+ strandarg=
+ bedgraph=/vol3/home/jhessel/devel/lab-projects/excision-seq-ms/results/sacCer1/Afu_BG234_predig/bedgraphs/Afu_BG234_predig.strand.both.counts.bg
+ bedtools genomecov -5 -bg -g /vol3/home/jhessel/ref/genomes/sacCer1/sacCer1.chrom.sizes -ibam /vol3/home/jhessel/devel/lab-projects/excision-seq-ms/results/sacCer1/Afu_BG234_predig/alignments/Afu_BG234_predig.bam
+ for sidx in '${!strands[@]}'
+ strand=pos
+ strandarg='-strand +'
+ bedgraph=/vol3/home/jhessel/devel/lab-projects/excision-seq-ms/results/sacCer1/Afu_BG234_predig/bedgraphs/Afu_BG234_predig.strand.pos.counts.bg
+ bedtools genomecov -5 -bg -g /vol3/home/jhessel/ref/genomes/sacCer1/sacCer1.chrom.sizes -ibam /vol3/home/jhessel/devel/lab-projects/excision-seq-ms/results/sacCer1/Afu_BG234_predig/alignments/Afu_BG234_predig.bam -strand +
+ for sidx in '${!strands[@]}'
+ strand=neg
+ strandarg='-strand -'
+ bedgraph=/vol3/home/jhessel/devel/lab-projects/excision-seq-ms/results/sacCer1/Afu_BG234_predig/bedgraphs/Afu_BG234_predig.strand.neg.counts.bg
+ bedtools genomecov -5 -bg -g /vol3/home/jhessel/ref/genomes/sacCer1/sacCer1.chrom.sizes -ibam /vol3/home/jhessel/devel/lab-projects/excision-seq-ms/results/sacCer1/Afu_BG234_predig/alignments/Afu_BG234_predig.bam -strand -
+ source config.sh
++ SAMPLES=(6_4.rep1 Afu_BG234_predig CPD.rep1 UDG_predig ung1_predig 6_4.rep2 Afu_Y7092_predig CPD.rep2 UDG_postdig ung1_5fu_predig)
++ PROJECT=/vol3/home/jhessel/devel/lab-projects/excision-seq-ms
++ FASTQDIR=/vol3/home/jhessel/devel/lab-projects/excision-seq-ms/ncbi-geo/fastq
++ ASSEMBLY=sacCer1
++ BOWTIEINDEX=/vol3/home/jhessel/ref/genomes/sacCer1/sacCer1
++ CHROM_SIZES=/vol3/home/jhessel/ref/genomes/sacCer1/sacCer1.chrom.sizes
++ FASTA=/vol3/home/jhessel/ref/genomes/sacCer1/sacCer1.fa
++ RESULT=/vol3/home/jhessel/devel/lab-projects/excision-seq-ms/results/sacCer1
++ LOG=/vol3/home/jhessel/devel/lab-projects/excision-seq-ms/log
++ BIN=/vol3/home/jhessel/devel/modmap/modmap
++ RSCRIPTS=/vol3/home/jhessel/devel/modmap/R
+ sample=Afu_Y7092_predig
+ fastq=/vol3/home/jhessel/devel/lab-projects/excision-seq-ms/ncbi-geo/fastq/Afu_Y7092_predig.fastq.gz
+ alnresults=/vol3/home/jhessel/devel/lab-projects/excision-seq-ms/results/sacCer1/Afu_Y7092_predig/alignments
+ bgresults=/vol3/home/jhessel/devel/lab-projects/excision-seq-ms/results/sacCer1/Afu_Y7092_predig/bedgraphs
+ [[ ! -d /vol3/home/jhessel/devel/lab-projects/excision-seq-ms/results/sacCer1/Afu_Y7092_predig/alignments ]]
+ mkdir -p /vol3/home/jhessel/devel/lab-projects/excision-seq-ms/results/sacCer1/Afu_Y7092_predig/alignments
+ [[ ! -d /vol3/home/jhessel/devel/lab-projects/excision-seq-ms/results/sacCer1/Afu_Y7092_predig/bedgraphs ]]
+ mkdir -p /vol3/home/jhessel/devel/lab-projects/excision-seq-ms/results/sacCer1/Afu_Y7092_predig/bedgraphs
+ bam=/vol3/home/jhessel/devel/lab-projects/excision-seq-ms/results/sacCer1/Afu_Y7092_predig/alignments/Afu_Y7092_predig.bam
+ stats=/vol3/home/jhessel/devel/lab-projects/excision-seq-ms/results/sacCer1/Afu_Y7092_predig/alignments/Afu_Y7092_predig.stats.txt
+ [[ ! -f /vol3/home/jhessel/devel/lab-projects/excision-seq-ms/results/sacCer1/Afu_Y7092_predig/alignments/Afu_Y7092_predig.bam ]]
+ bowtie2 -U /vol3/home/jhessel/devel/lab-projects/excision-seq-ms/ncbi-geo/fastq/Afu_Y7092_predig.fastq.gz -x /vol3/home/jhessel/ref/genomes/sacCer1/sacCer1
+ samtools view -ShuF4 -
+ samtools sort -o - Afu_Y7092_predig.temp -m 8G
[bam_header_read] EOF marker is absent. The input is probably truncated.
[samopen] SAM header is present: 17 sequences.
+ samtools index /vol3/home/jhessel/devel/lab-projects/excision-seq-ms/results/sacCer1/Afu_Y7092_predig/alignments/Afu_Y7092_predig.bam
+ strands=("both" "pos" "neg")
+ strandargs=("" "-strand +" "-strand -")
+ for sidx in '${!strands[@]}'
+ strand=both
+ strandarg=
+ bedgraph=/vol3/home/jhessel/devel/lab-projects/excision-seq-ms/results/sacCer1/Afu_Y7092_predig/bedgraphs/Afu_Y7092_predig.strand.both.counts.bg
+ bedtools genomecov -5 -bg -g /vol3/home/jhessel/ref/genomes/sacCer1/sacCer1.chrom.sizes -ibam /vol3/home/jhessel/devel/lab-projects/excision-seq-ms/results/sacCer1/Afu_Y7092_predig/alignments/Afu_Y7092_predig.bam
+ for sidx in '${!strands[@]}'
+ strand=pos
+ strandarg='-strand +'
+ bedgraph=/vol3/home/jhessel/devel/lab-projects/excision-seq-ms/results/sacCer1/Afu_Y7092_predig/bedgraphs/Afu_Y7092_predig.strand.pos.counts.bg
+ bedtools genomecov -5 -bg -g /vol3/home/jhessel/ref/genomes/sacCer1/sacCer1.chrom.sizes -ibam /vol3/home/jhessel/devel/lab-projects/excision-seq-ms/results/sacCer1/Afu_Y7092_predig/alignments/Afu_Y7092_predig.bam -strand +
+ for sidx in '${!strands[@]}'
+ strand=neg
+ strandarg='-strand -'
+ bedgraph=/vol3/home/jhessel/devel/lab-projects/excision-seq-ms/results/sacCer1/Afu_Y7092_predig/bedgraphs/Afu_Y7092_predig.strand.neg.counts.bg
+ bedtools genomecov -5 -bg -g /vol3/home/jhessel/ref/genomes/sacCer1/sacCer1.chrom.sizes -ibam /vol3/home/jhessel/devel/lab-projects/excision-seq-ms/results/sacCer1/Afu_Y7092_predig/alignments/Afu_Y7092_predig.bam -strand -
