+ source config.sh
++ SAMPLES=(6_4.rep1 Afu_BG234_predig CPD.rep1 UDG_predig ung1_predig 6_4.rep2 Afu_Y7092_predig CPD.rep2 UDG_postdig ung1_5fu_predig)
++ PROJECT=/vol3/home/jhessel/devel/lab-projects/excision-seq-ms
++ FASTQDIR=/vol3/home/jhessel/devel/lab-projects/excision-seq-ms/ncbi-geo/fastq
++ ASSEMBLY=sacCer1
++ BOWTIEINDEX=/vol3/home/jhessel/ref/genomes/sacCer1/sacCer1
++ CHROM_SIZES=/vol3/home/jhessel/ref/genomes/sacCer1/sacCer1.chrom.sizes
++ FASTA=/vol3/home/jhessel/ref/genomes/sacCer1/sacCer1.fa
++ RESULT=/vol3/home/jhessel/devel/lab-projects/excision-seq-ms/results/sacCer1
++ LOG=/vol3/home/jhessel/devel/lab-projects/excision-seq-ms/log
+ GEOBEDGRAPHS=/vol3/home/jhessel/devel/lab-projects/excision-seq-ms/ncbi-geo/sacCer1/bedgraphs
+ MISCBEDGRAPHS=/vol3/home/jhessel/devel/lab-projects/excision-seq-ms/stat-model/bedgraphs
+ GDARCHIVE=/vol3/home/jhessel/devel/lab-projects/excision-seq-ms/results/sacCer1/sacCer1/genomedata/exseq.ms.genomedata
+ genomedata-load -t cpd.rep1=/vol3/home/jhessel/devel/lab-projects/excision-seq-ms/ncbi-geo/sacCer1/bedgraphs/CPD.rep1.bg.gz -t cpd.rep2=/vol3/home/jhessel/devel/lab-projects/excision-seq-ms/ncbi-geo/sacCer1/bedgraphs/CPD.rep2.bg.gz -t 64.rep1=/vol3/home/jhessel/devel/lab-projects/excision-seq-ms/ncbi-geo/sacCer1/bedgraphs/6_4.rep1.bg.gz -t 64.rep1=/vol3/home/jhessel/devel/lab-projects/excision-seq-ms/ncbi-geo/sacCer1/bedgraphs/6_4.rep2.bg.gz -t udg.afu.bg234.predig=/vol3/home/jhessel/devel/lab-projects/excision-seq-ms/ncbi-geo/sacCer1/bedgraphs/Afu_BG234_predig.bg.gz -t udg.afu.y7092.predig=/vol3/home/jhessel/devel/lab-projects/excision-seq-ms/ncbi-geo/sacCer1/bedgraphs/Afu_Y7092_predig.bg.gz -t udg.postdig=/vol3/home/jhessel/devel/lab-projects/excision-seq-ms/ncbi-geo/sacCer1/bedgraphs/UDG_postdig.bg.gz -t udg.predig=/vol3/home/jhessel/devel/lab-projects/excision-seq-ms/ncbi-geo/sacCer1/bedgraphs/UDG_predig.bg.gz -t udg.ung1.5fu.postdig=/vol3/home/jhessel/devel/lab-projects/excision-seq-ms/ncbi-geo/sacCer1/bedgraphs/ung1_5fu_predig.bg.gz -t udg.ung1.postdig=/vol3/home/jhessel/devel/lab-projects/excision-seq-ms/ncbi-geo/sacCer1/bedgraphs/ung1_predig.bg.gz -t rep.timing.yabuki=/vol3/home/jhessel/devel/lab-projects/excision-seq-ms/stat-model/bedgraphs/yabuki.timing.bedgraph.gz -t rep.timing.raghu=/vol3/home/jhessel/devel/lab-projects/excision-seq-ms/stat-model/bedgraphs/raghu.timing.bedgraph.gz -s /vol3/home/jhessel/ref/genomes/sacCer1/sacCer1.fa /vol3/home/jhessel/devel/lab-projects/excision-seq-ms/results/sacCer1/sacCer1/genomedata/exseq.ms.genomedata --verbose
>> Using temporary Genomedata archive: /tmp/genomedata.Bpbkz2
>> 2014-04-01T09:11:24.589863: Loading sequence files:
/vol3/home/jhessel/ref/genomes/sacCer1/sacCer1.fa
>> 2014-04-01T09:11:25.383883: Opening Genomedata archive with 11 tracks
>> 2014-04-01T09:11:25.612634: Loading data
zcat /vol3/home/jhessel/devel/lab-projects/excision-seq-ms/ncbi-geo/sacCer1/bedgraphs/CPD.rep1.bg.gz | genomedata-load-data -v /tmp/genomedata.Bpbkz2 cpd.rep1
chr1
 allocating memory for 230208 floats
 reading 230208 floats... done
 writing 230208floats... done
chr10
 allocating memory for 745446 floats
 reading 745446 floats... done
 writing 745446floats... done
chr11
 allocating memory for 666445 floats
 reading 666445 floats... done
 writing 666445floats... done
chr12
 allocating memory for 1078173 floats
 reading 1078173 floats... done
 writing 1078173floats... done
chr13
 allocating memory for 924430 floats
 reading 924430 floats... done
 writing 924430floats... done
chr14
 allocating memory for 784328 floats
 reading 784328 floats... done
 writing 784328floats... done
chr15
 allocating memory for 1091285 floats
 reading 1091285 floats... done
 writing 1091285floats... done
chr16
 allocating memory for 948060 floats
 reading 948060 floats... done
 writing 948060floats... done
chr2
 allocating memory for 813136 floats
 reading 813136 floats... done
 writing 813136floats... done
chr3
 allocating memory for 316613 floats
 reading 316613 floats... done
 writing 316613floats... done
chr4
 allocating memory for 1531914 floats
 reading 1531914 floats... done
 writing 1531914floats... done
chr5
 allocating memory for 576869 floats
 reading 576869 floats... done
 writing 576869floats... done
chr6
 allocating memory for 270148 floats
 reading 270148 floats... done
 writing 270148floats... done
chr7
 allocating memory for 1090944 floats
 reading 1090944 floats... done
 writing 1090944floats... done
chr8
 allocating memory for 562639 floats
 reading 562639 floats... done
 writing 562639floats... done
chr9
 allocating memory for 439885 floats
 reading 439885 floats... done
 writing 439885floats... done
chrM
 allocating memory for 85779 floats
 reading 85779 floats... done
 writing 85779floats... done
zcat /vol3/home/jhessel/devel/lab-projects/excision-seq-ms/ncbi-geo/sacCer1/bedgraphs/CPD.rep2.bg.gz | genomedata-load-data -v /tmp/genomedata.Bpbkz2 cpd.rep2
chr1
 allocating memory for 230208 floats
 reading 230208 floats... done
 writing 230208floats... done
chr10
 allocating memory for 745446 floats
 reading 745446 floats... done
 writing 745446floats... done
chr11
 allocating memory for 666445 floats
 reading 666445 floats... done
 writing 666445floats... done
chr12
 allocating memory for 1078173 floats
 reading 1078173 floats... done
 writing 1078173floats... done
chr13
 allocating memory for 924430 floats
 reading 924430 floats... done
 writing 924430floats... done
chr14
 allocating memory for 784328 floats
 reading 784328 floats... done
 writing 784328floats... done
chr15
 allocating memory for 1091285 floats
 reading 1091285 floats... done
 writing 1091285floats... done
chr16
 allocating memory for 948060 floats
 reading 948060 floats... done
 writing 948060floats... done
chr2
 allocating memory for 813136 floats
 reading 813136 floats... done
 writing 813136floats... done
chr3
 allocating memory for 316613 floats
 reading 316613 floats... done
 writing 316613floats... done
chr4
 allocating memory for 1531914 floats
 reading 1531914 floats... done
 writing 1531914floats... done
chr5
 allocating memory for 576869 floats
 reading 576869 floats... done
 writing 576869floats... done
chr6
 allocating memory for 270148 floats
 reading 270148 floats... done
 writing 270148floats... done
chr7
 allocating memory for 1090944 floats
 reading 1090944 floats... done
 writing 1090944floats... done
chr8
 allocating memory for 562639 floats
 reading 562639 floats... done
 writing 562639floats... done
chr9
 allocating memory for 439885 floats
 reading 439885 floats... done
 writing 439885floats... done
chrM
 allocating memory for 85779 floats
 reading 85779 floats... done
 writing 85779floats... done
zcat /vol3/home/jhessel/devel/lab-projects/excision-seq-ms/ncbi-geo/sacCer1/bedgraphs/6_4.rep1.bg.gz | genomedata-load-data -v /tmp/genomedata.Bpbkz2 64.rep1
chr1
 allocating memory for 230208 floats
 reading 230208 floats... done
 writing 230208floats... done
chr10
 allocating memory for 745446 floats
 reading 745446 floats... done
 writing 745446floats... done
chr11
 allocating memory for 666445 floats
 reading 666445 floats... done
 ignoring data beyond last supercontig (start: 666445)
 writing 666445floats... done
chr12
 allocating memory for 1078173 floats
 reading 1078173 floats... done
 writing 1078173floats... done
chr13
 allocating memory for 924430 floats
 reading 924430 floats... done
 writing 924430floats... done
chr14
 allocating memory for 784328 floats
 reading 784328 floats... done
 writing 784328floats... done
chr15
 allocating memory for 1091285 floats
 reading 1091285 floats... done
 writing 1091285floats... done
chr16
 allocating memory for 948060 floats
 reading 948060 floats... done
 writing 948060floats... done
chr2
 allocating memory for 813136 floats
 reading 813136 floats... done
 writing 813136floats... done
chr3
 allocating memory for 316613 floats
 reading 316613 floats... done
 writing 316613floats... done
chr4
 allocating memory for 1531914 floats
 reading 1531914 floats... done
 writing 1531914floats... done
chr5
 allocating memory for 576869 floats
 reading 576869 floats... done
 writing 576869floats... done
chr6
 allocating memory for 270148 floats
 reading 270148 floats... done
 writing 270148floats... done
chr7
 allocating memory for 1090944 floats
 reading 1090944 floats... done
 writing 1090944floats... done
chr8
 allocating memory for 562639 floats
 reading 562639 floats... done
 writing 562639floats... done
chr9
 allocating memory for 439885 floats
 reading 439885 floats... done
 writing 439885floats... done
chrM
 allocating memory for 85779 floats
 reading 85779 floats... done
 writing 85779floats... done
zcat /vol3/home/jhessel/devel/lab-projects/excision-seq-ms/ncbi-geo/sacCer1/bedgraphs/6_4.rep2.bg.gz | genomedata-load-data -v /tmp/genomedata.Bpbkz2 64.rep1
chr1
 allocating memory for 230208 floats
 reading 230208 floats... done
 writing 230208floats... done
chr10
 allocating memory for 745446 floats
 reading 745446 floats... done
 writing 745446floats... done
chr11
 allocating memory for 666445 floats
 reading 666445 floats... done
 writing 666445floats... done
chr12
 allocating memory for 1078173 floats
 reading 1078173 floats... done
 writing 1078173floats... done
chr13
 allocating memory for 924430 floats
 reading 924430 floats... done
 writing 924430floats... done
chr14
 allocating memory for 784328 floats
 reading 784328 floats... done
 writing 784328floats... done
chr15
 allocating memory for 1091285 floats
 reading 1091285 floats... done
 writing 1091285floats... done
chr16
 allocating memory for 948060 floats
 reading 948060 floats... done
 writing 948060floats... done
chr2
 allocating memory for 813136 floats
 reading 813136 floats... done
 writing 813136floats... done
chr3
 allocating memory for 316613 floats
 reading 316613 floats... done
 writing 316613floats... done
chr4
 allocating memory for 1531914 floats
 reading 1531914 floats... done
 writing 1531914floats... done
chr5
 allocating memory for 576869 floats
 reading 576869 floats... done
 writing 576869floats... done
chr6
 allocating memory for 270148 floats
 reading 270148 floats... done
 writing 270148floats... done
chr7
 allocating memory for 1090944 floats
 reading 1090944 floats... done
 writing 1090944floats... done
chr8
 allocating memory for 562639 floats
 reading 562639 floats... done
 writing 562639floats... done
chr9
 allocating memory for 439885 floats
 reading 439885 floats... done
 writing 439885floats... done
chrM
 allocating memory for 85779 floats
 reading 85779 floats... done
 writing 85779floats... done
zcat /vol3/home/jhessel/devel/lab-projects/excision-seq-ms/ncbi-geo/sacCer1/bedgraphs/Afu_BG234_predig.bg.gz | genomedata-load-data -v /tmp/genomedata.Bpbkz2 udg.afu.bg234.predig
chr1
 allocating memory for 230208 floats
 reading 230208 floats... done
 writing 230208floats... done
chr10
 allocating memory for 745446 floats
 reading 745446 floats... done
 writing 745446floats... done
chr11
 allocating memory for 666445 floats
 reading 666445 floats... done
 writing 666445floats... done
chr12
 allocating memory for 1078173 floats
 reading 1078173 floats... done
 writing 1078173floats... done
chr13
 allocating memory for 924430 floats
 reading 924430 floats... done
 writing 924430floats... done
chr14
 allocating memory for 784328 floats
 reading 784328 floats... done
 writing 784328floats... done
chr15
 allocating memory for 1091285 floats
 reading 1091285 floats... done
 writing 1091285floats... done
chr16
 allocating memory for 948060 floats
 reading 948060 floats... done
 writing 948060floats... done
chr2
 allocating memory for 813136 floats
 reading 813136 floats... done
 writing 813136floats... done
chr3
 allocating memory for 316613 floats
 reading 316613 floats... done
 writing 316613floats... done
chr4
 allocating memory for 1531914 floats
 reading 1531914 floats... done
 writing 1531914floats... done
chr5
 allocating memory for 576869 floats
 reading 576869 floats... done
 writing 576869floats... done
chr6
 allocating memory for 270148 floats
 reading 270148 floats... done
 writing 270148floats... done
chr7
 allocating memory for 1090944 floats
 reading 1090944 floats... done
 writing 1090944floats... done
chr8
 allocating memory for 562639 floats
 reading 562639 floats... done
 writing 562639floats... done
chr9
 allocating memory for 439885 floats
 reading 439885 floats... done
 writing 439885floats... done
chrM
 allocating memory for 85779 floats
 reading 85779 floats... done
 writing 85779floats... done
zcat /vol3/home/jhessel/devel/lab-projects/excision-seq-ms/ncbi-geo/sacCer1/bedgraphs/Afu_Y7092_predig.bg.gz | genomedata-load-data -v /tmp/genomedata.Bpbkz2 udg.afu.y7092.predig
chr1
 allocating memory for 230208 floats
 reading 230208 floats... done
 writing 230208floats... done
chr10
 allocating memory for 745446 floats
 reading 745446 floats... done
 writing 745446floats... done
chr11
 allocating memory for 666445 floats
 reading 666445 floats... done
 writing 666445floats... done
chr12
 allocating memory for 1078173 floats
 reading 1078173 floats... done
 writing 1078173floats... done
chr13
 allocating memory for 924430 floats
 reading 924430 floats... done
 writing 924430floats... done
chr14
 allocating memory for 784328 floats
 reading 784328 floats... done
 writing 784328floats... done
chr15
 allocating memory for 1091285 floats
 reading 1091285 floats... done
 writing 1091285floats... done
chr16
 allocating memory for 948060 floats
 reading 948060 floats... done
 writing 948060floats... done
chr2
 allocating memory for 813136 floats
 reading 813136 floats... done
 writing 813136floats... done
chr3
 allocating memory for 316613 floats
 reading 316613 floats... done
 writing 316613floats... done
chr4
 allocating memory for 1531914 floats
 reading 1531914 floats... done
 writing 1531914floats... done
chr5
 allocating memory for 576869 floats
 reading 576869 floats... done
 writing 576869floats... done
chr6
 allocating memory for 270148 floats
 reading 270148 floats... done
 writing 270148floats... done
chr7
 allocating memory for 1090944 floats
 reading 1090944 floats... done
 writing 1090944floats... done
chr8
 allocating memory for 562639 floats
 reading 562639 floats... done
 writing 562639floats... done
chr9
 allocating memory for 439885 floats
 reading 439885 floats... done
 writing 439885floats... done
chrM
 allocating memory for 85779 floats
 reading 85779 floats... done
 writing 85779floats... done
zcat /vol3/home/jhessel/devel/lab-projects/excision-seq-ms/ncbi-geo/sacCer1/bedgraphs/UDG_postdig.bg.gz | genomedata-load-data -v /tmp/genomedata.Bpbkz2 udg.postdig
chr1
 allocating memory for 230208 floats
 reading 230208 floats... done
 writing 230208floats... done
chr10
 allocating memory for 745446 floats
 reading 745446 floats... done
 writing 745446floats... done
chr11
 allocating memory for 666445 floats
 reading 666445 floats... done
 writing 666445floats... done
chr12
 allocating memory for 1078173 floats
 reading 1078173 floats... done
 writing 1078173floats... done
chr13
 allocating memory for 924430 floats
 reading 924430 floats... done
 writing 924430floats... done
chr14
 allocating memory for 784328 floats
 reading 784328 floats... done
 writing 784328floats... done
chr15
 allocating memory for 1091285 floats
 reading 1091285 floats... done
 writing 1091285floats... done
chr16
 allocating memory for 948060 floats
 reading 948060 floats... done
 writing 948060floats... done
chr2
 allocating memory for 813136 floats
 reading 813136 floats... done
 writing 813136floats... done
chr3
 allocating memory for 316613 floats
 reading 316613 floats... done
 writing 316613floats... done
chr4
 allocating memory for 1531914 floats
 reading 1531914 floats... done
 writing 1531914floats... done
chr5
 allocating memory for 576869 floats
 reading 576869 floats... done
 writing 576869floats... done
chr6
 allocating memory for 270148 floats
 reading 270148 floats... done
 writing 270148floats... done
chr7
 allocating memory for 1090944 floats
 reading 1090944 floats... done
 writing 1090944floats... done
chr8
 allocating memory for 562639 floats
 reading 562639 floats... done
 writing 562639floats... done
chr9
 allocating memory for 439885 floats
 reading 439885 floats... done
 writing 439885floats... done
chrM
 allocating memory for 85779 floats
 reading 85779 floats... done
 writing 85779floats... done
zcat /vol3/home/jhessel/devel/lab-projects/excision-seq-ms/ncbi-geo/sacCer1/bedgraphs/UDG_predig.bg.gz | genomedata-load-data -v /tmp/genomedata.Bpbkz2 udg.predig
chr1
 allocating memory for 230208 floats
 reading 230208 floats... done
 writing 230208floats... done
chr10
 allocating memory for 745446 floats
 reading 745446 floats... done
 writing 745446floats... done
chr11
 allocating memory for 666445 floats
 reading 666445 floats... done
 writing 666445floats... done
chr12
 allocating memory for 1078173 floats
 reading 1078173 floats... done
 writing 1078173floats... done
chr13
 allocating memory for 924430 floats
 reading 924430 floats... done
 writing 924430floats... done
chr14
 allocating memory for 784328 floats
 reading 784328 floats... done
 writing 784328floats... done
chr15
 allocating memory for 1091285 floats
 reading 1091285 floats... done
 writing 1091285floats... done
chr16
 allocating memory for 948060 floats
 reading 948060 floats... done
 writing 948060floats... done
chr2
 allocating memory for 813136 floats
 reading 813136 floats... done
 writing 813136floats... done
chr3
 allocating memory for 316613 floats
 reading 316613 floats... done
 writing 316613floats... done
chr4
 allocating memory for 1531914 floats
 reading 1531914 floats... done
 writing 1531914floats... done
chr5
 allocating memory for 576869 floats
 reading 576869 floats... done
 writing 576869floats... done
chr6
 allocating memory for 270148 floats
 reading 270148 floats... done
 writing 270148floats... done
chr7
 allocating memory for 1090944 floats
 reading 1090944 floats... done
 writing 1090944floats... done
chr8
 allocating memory for 562639 floats
 reading 562639 floats... done
 writing 562639floats... done
chr9
 allocating memory for 439885 floats
 reading 439885 floats... done
 writing 439885floats... done
chrM
 allocating memory for 85779 floats
 reading 85779 floats... done
 writing 85779floats... done
zcat /vol3/home/jhessel/devel/lab-projects/excision-seq-ms/ncbi-geo/sacCer1/bedgraphs/ung1_5fu_predig.bg.gz | genomedata-load-data -v /tmp/genomedata.Bpbkz2 udg.ung1.5fu.postdig
chr1
 allocating memory for 230208 floats
 reading 230208 floats... done
 writing 230208floats... done
chr10
 allocating memory for 745446 floats
 reading 745446 floats... done
 writing 745446floats... done
chr11
 allocating memory for 666445 floats
 reading 666445 floats... done
 writing 666445floats... done
chr12
 allocating memory for 1078173 floats
 reading 1078173 floats... done
 writing 1078173floats... done
chr13
 allocating memory for 924430 floats
 reading 924430 floats... done
 writing 924430floats... done
chr14
 allocating memory for 784328 floats
 reading 784328 floats... done
 writing 784328floats... done
chr15
 allocating memory for 1091285 floats
 reading 1091285 floats... done
 writing 1091285floats... done
chr16
 allocating memory for 948060 floats
 reading 948060 floats... done
 writing 948060floats... done
chr2
 allocating memory for 813136 floats
 reading 813136 floats... done
 writing 813136floats... done
chr3
 allocating memory for 316613 floats
 reading 316613 floats... done
 writing 316613floats... done
chr4
 allocating memory for 1531914 floats
 reading 1531914 floats... done
 writing 1531914floats... done
chr5
 allocating memory for 576869 floats
 reading 576869 floats... done
 writing 576869floats... done
chr6
 allocating memory for 270148 floats
 reading 270148 floats... done
 writing 270148floats... done
chr7
 allocating memory for 1090944 floats
 reading 1090944 floats... done
 writing 1090944floats... done
chr8
 allocating memory for 562639 floats
 reading 562639 floats... done
 writing 562639floats... done
chr9
 allocating memory for 439885 floats
 reading 439885 floats... done
 writing 439885floats... done
chrM
 allocating memory for 85779 floats
 reading 85779 floats... done
 writing 85779floats... done
zcat /vol3/home/jhessel/devel/lab-projects/excision-seq-ms/ncbi-geo/sacCer1/bedgraphs/ung1_predig.bg.gz | genomedata-load-data -v /tmp/genomedata.Bpbkz2 udg.ung1.postdig
chr1
 allocating memory for 230208 floats
 reading 230208 floats... done
 writing 230208floats... done
chr10
 allocating memory for 745446 floats
 reading 745446 floats... done
 writing 745446floats... done
chr11
 allocating memory for 666445 floats
 reading 666445 floats... done
 writing 666445floats... done
chr12
 allocating memory for 1078173 floats
 reading 1078173 floats... done
 writing 1078173floats... done
chr13
 allocating memory for 924430 floats
 reading 924430 floats... done
 writing 924430floats... done
chr14
 allocating memory for 784328 floats
 reading 784328 floats... done
 writing 784328floats... done
chr15
 allocating memory for 1091285 floats
 reading 1091285 floats... done
 writing 1091285floats... done
chr16
 allocating memory for 948060 floats
 reading 948060 floats... done
 writing 948060floats... done
chr2
 allocating memory for 813136 floats
 reading 813136 floats... done
 writing 813136floats... done
chr3
 allocating memory for 316613 floats
 reading 316613 floats... done
 writing 316613floats... done
chr4
 allocating memory for 1531914 floats
 reading 1531914 floats... done
 writing 1531914floats... done
chr5
 allocating memory for 576869 floats
 reading 576869 floats... done
 writing 576869floats... done
chr6
 allocating memory for 270148 floats
 reading 270148 floats... done
 writing 270148floats... done
chr7
 allocating memory for 1090944 floats
 reading 1090944 floats... done
 writing 1090944floats... done
chr8
 allocating memory for 562639 floats
 reading 562639 floats... done
 writing 562639floats... done
chr9
 allocating memory for 439885 floats
 reading 439885 floats... done
 writing 439885floats... done
chrM
 allocating memory for 85779 floats
 reading 85779 floats... done
 writing 85779floats... done
zcat /vol3/home/jhessel/devel/lab-projects/excision-seq-ms/stat-model/bedgraphs/yabuki.timing.bedgraph.gz | genomedata-load-data -v /tmp/genomedata.Bpbkz2 rep.timing.yabuki
chr1
 allocating memory for 230208 floats
 reading 230208 floats... done
 writing 230208floats... done
chr10
 allocating memory for 745446 floats
 reading 745446 floats... done
 writing 745446floats... done
chr11
 allocating memory for 666445 floats
 reading 666445 floats... done
 writing 666445floats... done
chr12
 allocating memory for 1078173 floats
 reading 1078173 floats... done
 writing 1078173floats... done
chr13
 allocating memory for 924430 floats
 reading 924430 floats... done
 writing 924430floats... done
chr14
 allocating memory for 784328 floats
 reading 784328 floats... done
 writing 784328floats... done
chr15
 allocating memory for 1091285 floats
 reading 1091285 floats... done
 writing 1091285floats... done
chr16
 allocating memory for 948060 floats
 reading 948060 floats... done
 writing 948060floats... done
chr2
 allocating memory for 813136 floats
 reading 813136 floats... done
 writing 813136floats... done
chr3
 allocating memory for 316613 floats
 reading 316613 floats... done
 writing 316613floats... done
chr4
 allocating memory for 1531914 floats
 reading 1531914 floats... done
 writing 1531914floats... done
chr5
 allocating memory for 576869 floats
 reading 576869 floats... done
 writing 576869floats... done
chr6
 allocating memory for 270148 floats
 reading 270148 floats... done
 writing 270148floats... done
chr7
 allocating memory for 1090944 floats
 reading 1090944 floats... done
 writing 1090944floats... done
chr8
 allocating memory for 562639 floats
 reading 562639 floats... done
 writing 562639floats... done
chr9
 allocating memory for 439885 floats
 reading 439885 floats... done
 writing 439885floats... done
zcat /vol3/home/jhessel/devel/lab-projects/excision-seq-ms/stat-model/bedgraphs/raghu.timing.bedgraph.gz | genomedata-load-data -v /tmp/genomedata.Bpbkz2 rep.timing.raghu
chr1
 allocating memory for 230208 floats
 reading 230208 floats... done
 writing 230208floats... done
chr10
 allocating memory for 745446 floats
 reading 745446 floats... done
 writing 745446floats... done
chr11
 allocating memory for 666445 floats
 reading 666445 floats... done
 writing 666445floats... done
chr12
 allocating memory for 1078173 floats
 reading 1078173 floats... done
 writing 1078173floats... done
chr13
 allocating memory for 924430 floats
 reading 924430 floats... done
 writing 924430floats... done
chr14
 allocating memory for 784328 floats
 reading 784328 floats... done
 writing 784328floats... done
chr15
 allocating memory for 1091285 floats
 reading 1091285 floats... done
 writing 1091285floats... done
chr16
 allocating memory for 948060 floats
 reading 948060 floats... done
 writing 948060floats... done
chr2
 allocating memory for 813136 floats
 reading 813136 floats... done
 writing 813136floats... done
chr3
 allocating memory for 316613 floats
 reading 316613 floats... done
 writing 316613floats... done
chr4
 allocating memory for 1531914 floats
 reading 1531914 floats... done
 writing 1531914floats... done
chr5
 allocating memory for 576869 floats
 reading 576869 floats... done
 writing 576869floats... done
chr6
 allocating memory for 270148 floats
 reading 270148 floats... done
 writing 270148floats... done
chr7
 allocating memory for 1090944 floats
 reading 1090944 floats... done
 writing 1090944floats... done
chr8
 allocating memory for 562639 floats
 reading 562639 floats... done
 writing 562639floats... done
chr9
 allocating memory for 439885 floats
 reading 439885 floats... done
 writing 439885floats... done
writing metadata for chr1
 scanning supercontig_0
  cpd.rep1
  cpd.rep2
  64.rep1
  udg.afu.bg234.predig
  udg.afu.y7092.predig
  udg.postdig
  udg.predig
  udg.ung1.5fu.postdig
  udg.ung1.postdig
  rep.timing.yabuki
  rep.timing.raghu
writing metadata for chr10
 scanning supercontig_0
  cpd.rep1
  cpd.rep2
  64.rep1
  udg.afu.bg234.predig
  udg.afu.y7092.predig
  udg.postdig
  udg.predig
  udg.ung1.5fu.postdig
  udg.ung1.postdig
  rep.timing.yabuki
  rep.timing.raghu
writing metadata for chr11
 scanning supercontig_0
  cpd.rep1
  cpd.rep2
  64.rep1
  udg.afu.bg234.predig
  udg.afu.y7092.predig
  udg.postdig
  udg.predig
  udg.ung1.5fu.postdig
  udg.ung1.postdig
  rep.timing.yabuki
  rep.timing.raghu
writing metadata for chr12
 scanning supercontig_0
  cpd.rep1
  cpd.rep2
  64.rep1
  udg.afu.bg234.predig
  udg.afu.y7092.predig
  udg.postdig
  udg.predig
  udg.ung1.5fu.postdig
  udg.ung1.postdig
  rep.timing.yabuki
  rep.timing.raghu
writing metadata for chr13
 scanning supercontig_0
  cpd.rep1
  cpd.rep2
  64.rep1
  udg.afu.bg234.predig
  udg.afu.y7092.predig
  udg.postdig
  udg.predig
  udg.ung1.5fu.postdig
  udg.ung1.postdig
  rep.timing.yabuki
  rep.timing.raghu
writing metadata for chr14
 scanning supercontig_0
  cpd.rep1
  cpd.rep2
  64.rep1
  udg.afu.bg234.predig
  udg.afu.y7092.predig
  udg.postdig
  udg.predig
  udg.ung1.5fu.postdig
  udg.ung1.postdig
  rep.timing.yabuki
  rep.timing.raghu
writing metadata for chr15
 scanning supercontig_0
  cpd.rep1
  cpd.rep2
  64.rep1
  udg.afu.bg234.predig
  udg.afu.y7092.predig
  udg.postdig
  udg.predig
  udg.ung1.5fu.postdig
  udg.ung1.postdig
  rep.timing.yabuki
  rep.timing.raghu
writing metadata for chr16
 scanning supercontig_0
  cpd.rep1
  cpd.rep2
  64.rep1
  udg.afu.bg234.predig
  udg.afu.y7092.predig
  udg.postdig
  udg.predig
  udg.ung1.5fu.postdig
  udg.ung1.postdig
  rep.timing.yabuki
  rep.timing.raghu
writing metadata for chr2
 scanning supercontig_0
  cpd.rep1
  cpd.rep2
  64.rep1
  udg.afu.bg234.predig
  udg.afu.y7092.predig
  udg.postdig
  udg.predig
  udg.ung1.5fu.postdig
  udg.ung1.postdig
  rep.timing.yabuki
  rep.timing.raghu
writing metadata for chr3
 scanning supercontig_0
  cpd.rep1
  cpd.rep2
  64.rep1
  udg.afu.bg234.predig
  udg.afu.y7092.predig
  udg.postdig
  udg.predig
  udg.ung1.5fu.postdig
  udg.ung1.postdig
  rep.timing.yabuki
  rep.timing.raghu
writing metadata for chr4
 scanning supercontig_0
  cpd.rep1
  cpd.rep2
  64.rep1
  udg.afu.bg234.predig
  udg.afu.y7092.predig
  udg.postdig
  udg.predig
  udg.ung1.5fu.postdig
  udg.ung1.postdig
  rep.timing.yabuki
  rep.timing.raghu
writing metadata for chr5
 scanning supercontig_0
  cpd.rep1
  cpd.rep2
  64.rep1
  udg.afu.bg234.predig
  udg.afu.y7092.predig
  udg.postdig
  udg.predig
  udg.ung1.5fu.postdig
  udg.ung1.postdig
  rep.timing.yabuki
  rep.timing.raghu
writing metadata for chr6
 scanning supercontig_0
  cpd.rep1
  cpd.rep2
  64.rep1
  udg.afu.bg234.predig
  udg.afu.y7092.predig
  udg.postdig
  udg.predig
  udg.ung1.5fu.postdig
  udg.ung1.postdig
  rep.timing.yabuki
  rep.timing.raghu
writing metadata for chr7
 scanning supercontig_0
  cpd.rep1
  cpd.rep2
  64.rep1
  udg.afu.bg234.predig
  udg.afu.y7092.predig
  udg.postdig
  udg.predig
  udg.ung1.5fu.postdig
  udg.ung1.postdig
  rep.timing.yabuki
  rep.timing.raghu
writing metadata for chr8
 scanning supercontig_0
  cpd.rep1
  cpd.rep2
  64.rep1
  udg.afu.bg234.predig
  udg.afu.y7092.predig
  udg.postdig
  udg.predig
  udg.ung1.5fu.postdig
  udg.ung1.postdig
  rep.timing.yabuki
  rep.timing.raghu
writing metadata for chr9
 scanning supercontig_0
  cpd.rep1
  cpd.rep2
  64.rep1
  udg.afu.bg234.predig
  udg.afu.y7092.predig
  udg.postdig
  udg.predig
  udg.ung1.5fu.postdig
  udg.ung1.postdig
  rep.timing.yabuki
  rep.timing.raghu
writing metadata for chrM
 scanning supercontig_0
  cpd.rep1
  cpd.rep2
  64.rep1
  udg.afu.bg234.predig
  udg.afu.y7092.predig
  udg.postdig
  udg.predig
  udg.ung1.5fu.postdig
  udg.ung1.postdig
  rep.timing.yabuki
  rep.timing.raghu
>> 2014-04-01T09:12:20.951942: Creating Genomedata archive: /vol3/home/jhessel/devel/lab-projects/excision-seq-ms/results/sacCer1/sacCer1/genomedata/exseq.ms.genomedata
>> Repacking: /tmp/genomedata.Bpbkz2/chr7.genomedata -> /vol3/home/jhessel/devel/lab-projects/excision-seq-ms/results/sacCer1/sacCer1/genomedata/exseq.ms.genomedata/chr7.genomedata
>> Repacking: /tmp/genomedata.Bpbkz2/chr15.genomedata -> /vol3/home/jhessel/devel/lab-projects/excision-seq-ms/results/sacCer1/sacCer1/genomedata/exseq.ms.genomedata/chr15.genomedata
>> Repacking: /tmp/genomedata.Bpbkz2/chr2.genomedata -> /vol3/home/jhessel/devel/lab-projects/excision-seq-ms/results/sacCer1/sacCer1/genomedata/exseq.ms.genomedata/chr2.genomedata
>> Repacking: /tmp/genomedata.Bpbkz2/chr16.genomedata -> /vol3/home/jhessel/devel/lab-projects/excision-seq-ms/results/sacCer1/sacCer1/genomedata/exseq.ms.genomedata/chr16.genomedata
>> Repacking: /tmp/genomedata.Bpbkz2/chr8.genomedata -> /vol3/home/jhessel/devel/lab-projects/excision-seq-ms/results/sacCer1/sacCer1/genomedata/exseq.ms.genomedata/chr8.genomedata
>> Repacking: /tmp/genomedata.Bpbkz2/chr10.genomedata -> /vol3/home/jhessel/devel/lab-projects/excision-seq-ms/results/sacCer1/sacCer1/genomedata/exseq.ms.genomedata/chr10.genomedata
>> Repacking: /tmp/genomedata.Bpbkz2/chr11.genomedata -> /vol3/home/jhessel/devel/lab-projects/excision-seq-ms/results/sacCer1/sacCer1/genomedata/exseq.ms.genomedata/chr11.genomedata
>> Repacking: /tmp/genomedata.Bpbkz2/chrM.genomedata -> /vol3/home/jhessel/devel/lab-projects/excision-seq-ms/results/sacCer1/sacCer1/genomedata/exseq.ms.genomedata/chrM.genomedata
>> Repacking: /tmp/genomedata.Bpbkz2/chr13.genomedata -> /vol3/home/jhessel/devel/lab-projects/excision-seq-ms/results/sacCer1/sacCer1/genomedata/exseq.ms.genomedata/chr13.genomedata
>> Repacking: /tmp/genomedata.Bpbkz2/chr3.genomedata -> /vol3/home/jhessel/devel/lab-projects/excision-seq-ms/results/sacCer1/sacCer1/genomedata/exseq.ms.genomedata/chr3.genomedata
>> Repacking: /tmp/genomedata.Bpbkz2/chr1.genomedata -> /vol3/home/jhessel/devel/lab-projects/excision-seq-ms/results/sacCer1/sacCer1/genomedata/exseq.ms.genomedata/chr1.genomedata
>> Repacking: /tmp/genomedata.Bpbkz2/chr5.genomedata -> /vol3/home/jhessel/devel/lab-projects/excision-seq-ms/results/sacCer1/sacCer1/genomedata/exseq.ms.genomedata/chr5.genomedata
>> Repacking: /tmp/genomedata.Bpbkz2/chr9.genomedata -> /vol3/home/jhessel/devel/lab-projects/excision-seq-ms/results/sacCer1/sacCer1/genomedata/exseq.ms.genomedata/chr9.genomedata
>> Repacking: /tmp/genomedata.Bpbkz2/chr6.genomedata -> /vol3/home/jhessel/devel/lab-projects/excision-seq-ms/results/sacCer1/sacCer1/genomedata/exseq.ms.genomedata/chr6.genomedata
>> Repacking: /tmp/genomedata.Bpbkz2/chr4.genomedata -> /vol3/home/jhessel/devel/lab-projects/excision-seq-ms/results/sacCer1/sacCer1/genomedata/exseq.ms.genomedata/chr4.genomedata
>> Repacking: /tmp/genomedata.Bpbkz2/chr14.genomedata -> /vol3/home/jhessel/devel/lab-projects/excision-seq-ms/results/sacCer1/sacCer1/genomedata/exseq.ms.genomedata/chr14.genomedata
>> Repacking: /tmp/genomedata.Bpbkz2/chr12.genomedata -> /vol3/home/jhessel/devel/lab-projects/excision-seq-ms/results/sacCer1/sacCer1/genomedata/exseq.ms.genomedata/chr12.genomedata
>> Cleaning up... done

===== Genomedata archive successfully created: /vol3/home/jhessel/devel/lab-projects/excision-seq-ms/results/sacCer1/sacCer1/genomedata/exseq.ms.genomedata =====

