+ source config.sh
++ SAMPLES=(6_4.rep1 Afu_BG234_predig CPD.rep1 UDG_predig ung1_predig 6_4.rep2 Afu_Y7092_predig CPD.rep2 UDG_postdig ung1_5fu_predig)
++ PROJECT=/vol3/home/jhessel/devel/lab-projects/excision-seq-ms
++ FASTQDIR=/vol3/home/jhessel/devel/lab-projects/excision-seq-ms/ncbi-geo/fastq
++ ASSEMBLY=sacCer1
++ BOWTIEINDEX=/vol3/home/jhessel/ref/genomes/sacCer1/sacCer1
++ CHROM_SIZES=/vol3/home/jhessel/ref/genomes/sacCer1/sacCer1.chrom.sizes
++ FASTA=/vol3/home/jhessel/ref/genomes/sacCer1/sacCer1.fa
++ RESULT=/vol3/home/jhessel/devel/lab-projects/excision-seq-ms/results/sacCer1
++ LOG=/vol3/home/jhessel/devel/lab-projects/excision-seq-ms/log
++ BIN=/vol3/home/jhessel/devel/modmap/modmap
++ RSCRIPTS=/vol3/home/jhessel/devel/modmap/R
+ sample=Afu_Y7092_predig
+ [[ sacCer1 == \s\a\c\C\e\r\2 ]]
+ ignore_modes=("all" "only-mito" "no-mito")
+ ignore_args=("" "--only-chrom chrM" "--ignore-chrom chrM")
+ sizes='1 2 3'
+ bedgraphs=/vol3/home/jhessel/devel/lab-projects/excision-seq-ms/results/sacCer1/Afu_Y7092_predig/bedgraphs
+ results=/vol3/home/jhessel/devel/lab-projects/excision-seq-ms/results/sacCer1/Afu_Y7092_predig/nuc_freqs
+ [[ ! -d /vol3/home/jhessel/devel/lab-projects/excision-seq-ms/results/sacCer1/Afu_Y7092_predig/nuc_freqs ]]
+ posbedgraph=/vol3/home/jhessel/devel/lab-projects/excision-seq-ms/results/sacCer1/Afu_Y7092_predig/bedgraphs/Afu_Y7092_predig.strand.pos.counts.bg
+ negbedgraph=/vol3/home/jhessel/devel/lab-projects/excision-seq-ms/results/sacCer1/Afu_Y7092_predig/bedgraphs/Afu_Y7092_predig.strand.neg.counts.bg
+ for ig_idx in '${!ignore_modes[@]}'
+ ignore_mode=all
+ ignore_arg=
+ output=/vol3/home/jhessel/devel/lab-projects/excision-seq-ms/results/sacCer1/Afu_Y7092_predig/nuc_freqs/Afu_Y7092_predig.ignore.all.nuc_freqs.tab
+ for size in '$sizes'
+ python /vol3/home/jhessel/devel/modmap/modmap/nuc_frequencies.py --region-size 1 -p /vol3/home/jhessel/devel/lab-projects/excision-seq-ms/results/sacCer1/Afu_Y7092_predig/bedgraphs/Afu_Y7092_predig.strand.pos.counts.bg -n /vol3/home/jhessel/devel/lab-projects/excision-seq-ms/results/sacCer1/Afu_Y7092_predig/bedgraphs/Afu_Y7092_predig.strand.neg.counts.bg -f /vol3/home/jhessel/ref/genomes/sacCer1/sacCer1.fa --verbose
>> analyzing sequences ...
>> ignore:() only:()
>> offset range: -15 to 15
+ for size in '$sizes'
+ python /vol3/home/jhessel/devel/modmap/modmap/nuc_frequencies.py --region-size 2 -p /vol3/home/jhessel/devel/lab-projects/excision-seq-ms/results/sacCer1/Afu_Y7092_predig/bedgraphs/Afu_Y7092_predig.strand.pos.counts.bg -n /vol3/home/jhessel/devel/lab-projects/excision-seq-ms/results/sacCer1/Afu_Y7092_predig/bedgraphs/Afu_Y7092_predig.strand.neg.counts.bg -f /vol3/home/jhessel/ref/genomes/sacCer1/sacCer1.fa --verbose
>> analyzing sequences ...
>> ignore:() only:()
>> offset range: -15 to 15
+ for size in '$sizes'
+ python /vol3/home/jhessel/devel/modmap/modmap/nuc_frequencies.py --region-size 3 -p /vol3/home/jhessel/devel/lab-projects/excision-seq-ms/results/sacCer1/Afu_Y7092_predig/bedgraphs/Afu_Y7092_predig.strand.pos.counts.bg -n /vol3/home/jhessel/devel/lab-projects/excision-seq-ms/results/sacCer1/Afu_Y7092_predig/bedgraphs/Afu_Y7092_predig.strand.neg.counts.bg -f /vol3/home/jhessel/ref/genomes/sacCer1/sacCer1.fa --verbose
>> analyzing sequences ...
>> ignore:() only:()
>> offset range: -15 to 15
Traceback (most recent call last):
  File "/vol3/home/jhessel/devel/modmap/modmap/nuc_frequencies.py", line 200, in <module>
    sys.exit(main()) 
  File "/vol3/home/jhessel/devel/modmap/modmap/nuc_frequencies.py", line 197, in main
    **kwargs)
  File "/vol3/home/jhessel/devel/modmap/modmap/nuc_frequencies.py", line 85, in nuc_frequencies
    nucs = DNA.makeSequence(nucs).rc()
  File "/vol1/software/modules-python/python/2.7.6/lib/python2.7/site-packages/cogent/core/moltype.py", line 555, in makeSequence
    return self.Sequence(Seq, Name, **kwargs)
KeyboardInterrupt
